<?xml version="1.0" encoding="UTF-8"?>
<!-- Generated by org.testng.reporters.JUnitXMLReporter -->
<testsuite ignored="4" hostname="peregrineit-ThinkPad-L14-Gen-3" failures="0" tests="2" name="Surefire test" time="63.249" errors="0" timestamp="2025-07-04T12:35:11 IST">
  <testcase classname="attendanceTests.AccessControlTests" name="testAccessGrantedRecordsRetrieval" time="63.192"/>
  <testcase classname="attendanceTests.LoginTests" name="verifyAccessControlMenuVisibleAfterLogin" time="0.04"/>
  <testcase classname="baseTestFile.BaseTests" name="@BeforeSuite globalSetUp" time="0.0">
    <ignored/>
  </testcase> <!-- @BeforeSuite globalSetUp -->
  <testcase classname="baseTestFile.BaseTests" name="@AfterSuite globalTearDown" time="0.0">
    <ignored/>
  </testcase> <!-- @AfterSuite globalTearDown -->
  <testcase classname="baseTestFile.BaseTests" name="@AfterSuite globalTearDown" time="0.0">
    <ignored/>
  </testcase> <!-- @AfterSuite globalTearDown -->
  <testcase classname="baseTestFile.BaseTests" name="@BeforeSuite globalSetUp" time="0.0">
    <ignored/>
  </testcase> <!-- @BeforeSuite globalSetUp -->
</testsuite> <!-- Surefire test -->
