<?xml version="1.0" encoding="UTF-8"?>
<testsuite xmlns:xsi="http://www.w3.org/2001/XMLSchema-instance" xsi:noNamespaceSchemaLocation="https://maven.apache.org/surefire/maven-surefire-plugin/xsd/surefire-test-report.xsd" name="TestSuite" time="66.526" tests="2" errors="0" skipped="0" failures="1">
  <properties>
[...]
</properties>
  <testcase name="testAccessGrantedRecordsRetrieval" classname="attendanceTests.AccessControlTests" time="58.431">
    <failure message="Email was not sent successfully! expected [true] but found [false]" type="java.lang.AssertionError">java.lang.AssertionError: Email was not sent successfully! expected [true] but found [false]
	at attendanceTests.AccessControlTests.testAccessGrantedRecordsRetrieval(AccessControlTests.java:38)
</failure>
    <system-out><![CDATA[CI Mode: false
Username being used: lavanya@peregrine-it.com
https://www.hik-connect.com/views/login/index.html#/login
Cookies accepted.
Logged in Successfully. Current URL: https://www.hik-connect.com/views/login/index.html#/portal
10 Attendance Record Fetched Successfully.
Fetching records from page: 1
Total Rows Found on Page 1: 10
------- Row 1 Data (Page 1) -------
First Name : Vineet
Last Name  : Verma
Access Time  : 2025/07/01 21:10:07
Check Type : Check-Out
-----------------------------------
------- Row 2 Data (Page 1) -------
First Name : Vineet
Last Name  : Verma
Access Time  : 2025/07/01 21:09:38
Check Type : Check-In
-----------------------------------
------- Row 3 Data (Page 1) -------
First Name : Aditya
Last Name  : Kashyap
Access Time  : 2025/07/01 20:13:06
Check Type : Check-Out
-----------------------------------
------- Row 4 Data (Page 1) -------
First Name : Sujal
Last Name  : Jain
Access Time  : 2025/07/01 20:13:03
Check Type : Check-Out
-----------------------------------
------- Row 5 Data (Page 1) -------
First Name : Siddharth
Last Name  : Swami
Access Time  : 2025/07/01 19:44:50
Check Type : Check-Out
-----------------------------------
------- Row 6 Data (Page 1) -------
First Name : Hardik
Last Name  : kumar
Access Time  : 2025/07/01 19:41:03
Check Type : Check-In
-----------------------------------
------- Row 7 Data (Page 1) -------
First Name : Preeti
Last Name  : Sengar
Access Time  : 2025/07/01 19:32:31
Check Type : Check-Out
-----------------------------------
------- Row 8 Data (Page 1) -------
First Name : Aman
Last Name  : Kumar
Access Time  : 2025/07/01 19:30:12
Check Type : Check-Out
-----------------------------------
------- Row 9 Data (Page 1) -------
First Name : Hardik
Last Name  : kumar
Access Time  : 2025/07/01 19:25:24
Check Type : Check-In
-----------------------------------
------- Row 10 Data (Page 1) -------
First Name : Lavanya
Last Name  : Bhaskar
Access Time  : 2025/07/01 19:22:40
Check Type : Check-Out
-----------------------------------
Fetching records from page: 2
Total Rows Found on Page 2: 10
------- Row 1 Data (Page 2) -------
First Name : Manorama
Last Name  : Devi
Access Time  : 2025/07/01 19:21:50
Check Type : Check-Out
-----------------------------------
------- Row 2 Data (Page 2) -------
First Name : Manorama
Last Name  : Devi
Access Time  : 2025/07/01 19:21:28
Check Type : Check-In
-----------------------------------
------- Row 3 Data (Page 2) -------
First Name : Prashant
Last Name  : Kumar
Access Time  : 2025/07/01 19:13:55
Check Type : Check-Out
-----------------------------------
------- Row 4 Data (Page 2) -------
First Name : Shahzad
Last Name  : Ahmed
Access Time  : 2025/07/01 19:12:21
Check Type : Check-Out
-----------------------------------
------- Row 5 Data (Page 2) -------
First Name : Shahzad
Last Name  : Ahmed
Access Time  : 2025/07/01 19:10:59
Check Type : Check-In
-----------------------------------
------- Row 6 Data (Page 2) -------
First Name : Sudhanshu
Last Name  : Namdev
Access Time  : 2025/07/01 19:09:19
Check Type : Check-Out
-----------------------------------
------- Row 7 Data (Page 2) -------
First Name : Sudhanshu
Last Name  : Namdev
Access Time  : 2025/07/01 19:09:11
Check Type : Check-In
-----------------------------------
------- Row 8 Data (Page 2) -------
First Name : Prerana
Last Name  : Gupta
Access Time  : 2025/07/01 19:07:34
Check Type : Check-Out
-----------------------------------
------- Row 9 Data (Page 2) -------
First Name : Akanksha
Last Name  : Sharma
Access Time  : 2025/07/01 19:06:49
Check Type : Check-Out
-----------------------------------
------- Row 10 Data (Page 2) -------
First Name : Prerana
Last Name  : Gupta
Access Time  : 2025/07/01 19:00:01
Check Type : Check-In
-----------------------------------
Fetching records from page: 3
Total Rows Found on Page 3: 10
------- Row 1 Data (Page 3) -------
First Name : Preeti
Last Name  : Sengar
Access Time  : 2025/07/01 18:57:39
Check Type : Check-In
-----------------------------------
------- Row 2 Data (Page 3) -------
First Name : Manorama
Last Name  : Devi
Access Time  : 2025/07/01 18:56:00
Check Type : Check-In
-----------------------------------
------- Row 3 Data (Page 3) -------
First Name : Sudhanshu
Last Name  : Namdev
Access Time  : 2025/07/01 18:52:39
Check Type : Check-In
-----------------------------------
------- Row 4 Data (Page 3) -------
First Name : Akanksha
Last Name  : Sharma
Access Time  : 2025/07/01 18:40:42
Check Type : Check-In
-----------------------------------
------- Row 5 Data (Page 3) -------
First Name : Vineet
Last Name  : Verma
Access Time  : 2025/07/01 18:35:22
Check Type : Check-In
-----------------------------------
------- Row 6 Data (Page 3) -------
First Name : Hardik
Last Name  : kumar
Access Time  : 2025/07/01 18:26:26
Check Type : Check-In
-----------------------------------
------- Row 7 Data (Page 3) -------
First Name : Shahzad
Last Name  : Ahmed
Access Time  : 2025/07/01 18:25:04
Check Type : Check-In
-----------------------------------
------- Row 8 Data (Page 3) -------
First Name : Mukesh
Last Name  : Swami
Access Time  : 2025/07/01 18:14:38
Check Type : Check-In
-----------------------------------
------- Row 9 Data (Page 3) -------
First Name : Sujal
Last Name  : Jain
Access Time  : 2025/07/01 18:13:27
Check Type : Check-In
-----------------------------------
------- Row 10 Data (Page 3) -------
First Name : Shahzad
Last Name  : Ahmed
Access Time  : 2025/07/01 18:03:15
Check Type : Check-In
-----------------------------------
Fetching records from page: 4
Total Rows Found on Page 4: 10
------- Row 1 Data (Page 4) -------
First Name : Preeti
Last Name  : Sengar
Access Time  : 2025/07/01 17:50:37
Check Type : Check-In
-----------------------------------
------- Row 2 Data (Page 4) -------
First Name : Manorama
Last Name  : Devi
Access Time  : 2025/07/01 17:45:47
Check Type : Check-In
-----------------------------------
------- Row 3 Data (Page 4) -------
First Name : Sudhanshu
Last Name  : Namdev
Access Time  : 2025/07/01 17:39:28
Check Type : Check-In
-----------------------------------
------- Row 4 Data (Page 4) -------
First Name : Prashant
Last Name  : Kumar
Access Time  : 2025/07/01 17:35:12
Check Type : Check-In
-----------------------------------
------- Row 5 Data (Page 4) -------
First Name : Lavanya
Last Name  : Bhaskar
Access Time  : 2025/07/01 17:32:35
Check Type : Check-In
-----------------------------------
------- Row 6 Data (Page 4) -------
First Name : Aditya
Last Name  : Kashyap
Access Time  : 2025/07/01 17:22:36
Check Type : Check-In
-----------------------------------
------- Row 7 Data (Page 4) -------
First Name : Vineet
Last Name  : Verma
Access Time  : 2025/07/01 17:15:23
Check Type : Check-In
-----------------------------------
------- Row 8 Data (Page 4) -------
First Name : Akanksha
Last Name  : Sharma
Access Time  : 2025/07/01 17:12:09
Check Type : Check-In
-----------------------------------
------- Row 9 Data (Page 4) -------
First Name : Aman
Last Name  : Kumar
Access Time  : 2025/07/01 17:04:48
Check Type : Check-In
-----------------------------------
------- Row 10 Data (Page 4) -------
First Name : Lavanya
Last Name  : Bhaskar
Access Time  : 2025/07/01 16:59:02
Check Type : Check-In
-----------------------------------
Fetching records from page: 5
Total Rows Found on Page 5: 10
------- Row 1 Data (Page 5) -------
First Name : Hardik
Last Name  : kumar
Access Time  : 2025/07/01 16:58:48
Check Type : Check-In
-----------------------------------
------- Row 2 Data (Page 5) -------
First Name : Siddharth
Last Name  : Swami
Access Time  : 2025/07/01 16:47:32
Check Type : Check-In
-----------------------------------
------- Row 3 Data (Page 5) -------
First Name : Shahzad
Last Name  : Ahmed
Access Time  : 2025/07/01 16:43:45
Check Type : Check-In
-----------------------------------
------- Row 4 Data (Page 5) -------
First Name : Preeti
Last Name  : Sengar
Access Time  : 2025/07/01 16:38:57
Check Type : Check-In
-----------------------------------
------- Row 5 Data (Page 5) -------
First Name : Prerana
Last Name  : Gupta
Access Time  : 2025/07/01 16:28:21
Check Type : Check-In
-----------------------------------
------- Row 6 Data (Page 5) -------
First Name : Akanksha
Last Name  : Sharma
Access Time  : 2025/07/01 16:26:46
Check Type : Check-In
-----------------------------------
------- Row 7 Data (Page 5) -------
First Name : Sudhanshu
Last Name  : Namdev
Access Time  : 2025/07/01 16:18:37
Check Type : Check-In
-----------------------------------
------- Row 8 Data (Page 5) -------
First Name : Vineet
Last Name  : Verma
Access Time  : 2025/07/01 16:11:50
Check Type : Check-In
-----------------------------------
------- Row 9 Data (Page 5) -------
First Name : Prashant
Last Name  : Kumar
Access Time  : 2025/07/01 16:11:00
Check Type : Check-In
-----------------------------------
------- Row 10 Data (Page 5) -------
First Name : Manorama
Last Name  : Devi
Access Time  : 2025/07/01 16:09:06
Check Type : Check-In
-----------------------------------
Fetching records from page: 6
Total Rows Found on Page 6: 10
------- Row 1 Data (Page 6) -------
First Name : Aman
Last Name  : Kumar
Access Time  : 2025/07/01 15:52:33
Check Type : Check-In
-----------------------------------
------- Row 2 Data (Page 6) -------
First Name : chai wale
Last Name  : bhaiya
Access Time  : 2025/07/01 15:36:48
Check Type : Check-In
-----------------------------------
------- Row 3 Data (Page 6) -------
First Name : Mukesh
Last Name  : Swami
Access Time  : 2025/07/01 15:11:07
Check Type : Check-In
-----------------------------------
------- Row 4 Data (Page 6) -------
First Name : Siddharth
Last Name  : Swami
Access Time  : 2025/07/01 14:50:35
Check Type : Check-In
-----------------------------------
------- Row 5 Data (Page 6) -------
First Name : Shahzad
Last Name  : Ahmed
Access Time  : 2025/07/01 14:49:19
Check Type : Check-In
-----------------------------------
------- Row 6 Data (Page 6) -------
First Name : Hardik
Last Name  : kumar
Access Time  : 2025/07/01 14:43:16
Check Type : Check-In
-----------------------------------
------- Row 7 Data (Page 6) -------
First Name : Aditya
Last Name  : Kashyap
Access Time  : 2025/07/01 14:33:55
Check Type : Check-In
-----------------------------------
------- Row 8 Data (Page 6) -------
First Name : Aditya
Last Name  : Kashyap
Access Time  : 2025/07/01 14:17:43
Check Type : Check-In
-----------------------------------
------- Row 9 Data (Page 6) -------
First Name : Shahzad
Last Name  : Ahmed
Access Time  : 2025/07/01 14:13:18
Check Type : Check-In
-----------------------------------
------- Row 10 Data (Page 6) -------
First Name : Sujal
Last Name  : Jain
Access Time  : 2025/07/01 14:03:11
Check Type : Check-In
-----------------------------------
Fetching records from page: 7
Total Rows Found on Page 7: 10
------- Row 1 Data (Page 7) -------
First Name : chai wale
Last Name  : bhaiya
Access Time  : 2025/07/01 14:02:27
Check Type : Check-In
-----------------------------------
------- Row 2 Data (Page 7) -------
First Name : Hardik
Last Name  : kumar
Access Time  : 2025/07/01 13:49:12
Check Type : Check-In
-----------------------------------
------- Row 3 Data (Page 7) -------
First Name : Aman
Last Name  : Kumar
Access Time  : 2025/07/01 13:48:14
Check Type : Check-In
-----------------------------------
------- Row 4 Data (Page 7) -------
First Name : chai wale
Last Name  : bhaiya
Access Time  : 2025/07/01 13:47:26
Check Type : Check-In
-----------------------------------
------- Row 5 Data (Page 7) -------
First Name : Siddharth
Last Name  : Swami
Access Time  : 2025/07/01 13:37:58
Check Type : Check-In
-----------------------------------
------- Row 6 Data (Page 7) -------
First Name : Aditya
Last Name  : Kashyap
Access Time  : 2025/07/01 13:37:27
Check Type : Check-In
-----------------------------------
------- Row 7 Data (Page 7) -------
First Name : Lavanya
Last Name  : Bhaskar
Access Time  : 2025/07/01 13:35:50
Check Type : Check-In
-----------------------------------
------- Row 8 Data (Page 7) -------
First Name : Mukesh
Last Name  : Swami
Access Time  : 2025/07/01 13:33:30
Check Type : Check-In
-----------------------------------
------- Row 9 Data (Page 7) -------
First Name : Akanksha
Last Name  : Sharma
Access Time  : 2025/07/01 13:32:56
Check Type : Check-In
-----------------------------------
------- Row 10 Data (Page 7) -------
First Name : Sudhanshu
Last Name  : Namdev
Access Time  : 2025/07/01 12:59:00
Check Type : Check-In
-----------------------------------
Fetching records from page: 8
Total Rows Found on Page 8: 10
------- Row 1 Data (Page 8) -------
First Name : Prashant
Last Name  : Kumar
Access Time  : 2025/07/01 12:54:12
Check Type : Check-In
-----------------------------------
------- Row 2 Data (Page 8) -------
First Name : Prerana
Last Name  : Gupta
Access Time  : 2025/07/01 12:51:01
Check Type : Check-In
-----------------------------------
------- Row 3 Data (Page 8) -------
First Name : Aman
Last Name  : Kumar
Access Time  : 2025/07/01 12:36:44
Check Type : Check-In
-----------------------------------
------- Row 4 Data (Page 8) -------
First Name : Preeti
Last Name  : Sengar
Access Time  : 2025/07/01 12:33:52
Check Type : Check-In
-----------------------------------
------- Row 5 Data (Page 8) -------
First Name : Hardik
Last Name  : kumar
Access Time  : 2025/07/01 12:32:15
Check Type : Check-In
-----------------------------------
------- Row 6 Data (Page 8) -------
First Name : Shahzad
Last Name  : Ahmed
Access Time  : 2025/07/01 12:22:38
Check Type : Check-In
-----------------------------------
------- Row 7 Data (Page 8) -------
First Name : Vineet
Last Name  : Verma
Access Time  : 2025/07/01 12:15:04
Check Type : Check-In
-----------------------------------
------- Row 8 Data (Page 8) -------
First Name : Manorama
Last Name  : Devi
Access Time  : 2025/07/01 12:14:40
Check Type : Check-In
-----------------------------------
------- Row 9 Data (Page 8) -------
First Name : Prashant
Last Name  : Kumar
Access Time  : 2025/07/01 12:04:37
Check Type : Check-In
-----------------------------------
------- Row 10 Data (Page 8) -------
First Name : Akanksha
Last Name  : Sharma
Access Time  : 2025/07/01 11:32:10
Check Type : Check-In
-----------------------------------
Fetching records from page: 9
Total Rows Found on Page 9: 10
------- Row 1 Data (Page 9) -------
First Name : Hardik
Last Name  : kumar
Access Time  : 2025/07/01 11:28:25
Check Type : Check-In
-----------------------------------
------- Row 2 Data (Page 9) -------
First Name : Preeti
Last Name  : Sengar
Access Time  : 2025/07/01 11:22:13
Check Type : Check-In
-----------------------------------
------- Row 3 Data (Page 9) -------
First Name : Prerana
Last Name  : Gupta
Access Time  : 2025/07/01 11:10:44
Check Type : Check-In
-----------------------------------
------- Row 4 Data (Page 9) -------
First Name : Vineet
Last Name  : Verma
Access Time  : 2025/07/01 11:09:45
Check Type : Check-In
-----------------------------------
------- Row 5 Data (Page 9) -------
First Name : Manorama
Last Name  : Devi
Access Time  : 2025/07/01 10:56:46
Check Type : Check-In
-----------------------------------
------- Row 6 Data (Page 9) -------
First Name : Mukesh
Last Name  : Swami
Access Time  : 2025/07/01 10:55:20
Check Type : Check-In
-----------------------------------
------- Row 7 Data (Page 9) -------
First Name : Mukesh
Last Name  : Swami
Access Time  : 2025/07/01 10:48:09
Check Type : Check-In
-----------------------------------
------- Row 8 Data (Page 9) -------
First Name : Aditya
Last Name  : Kashyap
Access Time  : 2025/07/01 10:43:45
Check Type : Check-In
-----------------------------------
------- Row 9 Data (Page 9) -------
First Name : Lavanya
Last Name  : Bhaskar
Access Time  : 2025/07/01 10:29:51
Check Type : Check-In
-----------------------------------
------- Row 10 Data (Page 9) -------
First Name : chai wale
Last Name  : bhaiya
Access Time  : 2025/07/01 10:28:25
Check Type : Check-In
-----------------------------------
Fetching records from page: 10
Total Rows Found on Page 10: 10
------- Row 1 Data (Page 10) -------
First Name : chai wale
Last Name  : bhaiya
Access Time  : 2025/07/01 10:27:32
Check Type : Check-In
-----------------------------------
------- Row 2 Data (Page 10) -------
First Name : Preeti
Last Name  : Sengar
Access Time  : 2025/07/01 10:18:12
Check Type : Check-In
-----------------------------------
------- Row 3 Data (Page 10) -------
First Name : Manorama
Last Name  : Devi
Access Time  : 2025/07/01 10:16:41
Check Type : Check-In
-----------------------------------
------- Row 4 Data (Page 10) -------
First Name : Aditya
Last Name  : Kashyap
Access Time  : 2025/07/01 10:13:46
Check Type : Check-In
-----------------------------------
------- Row 5 Data (Page 10) -------
First Name : Sujal
Last Name  : Jain
Access Time  : 2025/07/01 10:13:42
Check Type : Check-In
-----------------------------------
------- Row 6 Data (Page 10) -------
First Name : Prashant
Last Name  : Kumar
Access Time  : 2025/07/01 10:10:24
Check Type : Check-In
-----------------------------------
------- Row 7 Data (Page 10) -------
First Name : Hardik
Last Name  : kumar
Access Time  : 2025/07/01 10:07:12
Check Type : Check-In
-----------------------------------
------- Row 8 Data (Page 10) -------
First Name : Akanksha
Last Name  : Sharma
Access Time  : 2025/07/01 10:06:15
Check Type : Check-In
-----------------------------------
------- Row 9 Data (Page 10) -------
First Name : Sudhanshu
Last Name  : Namdev
Access Time  : 2025/07/01 10:06:11
Check Type : Check-In
-----------------------------------
------- Row 10 Data (Page 10) -------
First Name : Prerana
Last Name  : Gupta
Access Time  : 2025/07/01 10:02:04
Check Type : Check-In
-----------------------------------
Fetching records from page: 11
Total Rows Found on Page 11: 10
------- Row 1 Data (Page 11) -------
First Name : Aman
Last Name  : Kumar
Access Time  : 2025/07/01 10:00:10
Check Type : Check-In
-----------------------------------
------- Row 2 Data (Page 11) -------
First Name : Vineet
Last Name  : Verma
Access Time  : 2025/07/01 09:59:22
Check Type : Check-In
-----------------------------------
------- Row 3 Data (Page 11) -------
First Name : Vineet
Last Name  : Verma
Access Time  : 2025/07/01 09:54:04
Check Type : Check-In
-----------------------------------
------- Row 4 Data (Page 11) -------
First Name : Lavanya
Last Name  : Bhaskar
Access Time  : 2025/07/01 09:53:29
Check Type : Check-In
-----------------------------------
------- Row 5 Data (Page 11) -------
First Name : Shahzad
Last Name  : Ahmed
Access Time  : 2025/07/01 09:50:32
Check Type : Check-In
-----------------------------------
------- Row 6 Data (Page 11) -------
First Name : Vineet
Last Name  : Verma
Access Time  : 2025/07/01 09:50:28
Check Type : Check-In
-----------------------------------
------- Row 7 Data (Page 11) -------
First Name : Siddharth
Last Name  : Swami
Access Time  : 2025/07/01 09:44:03
Check Type : Check-In
-----------------------------------
------- Row 8 Data (Page 11) -------
First Name : Siddharth
Last Name  : Swami
Access Time  : 2025/07/01 09:30:48
Check Type : Check-In
-----------------------------------
------- Row 9 Data (Page 11) -------
First Name : Hardik
Last Name  : kumar
Access Time  : 2025/07/01 08:09:05
Check Type : Check-In
-----------------------------------
------- Row 10 Data (Page 11) -------
First Name : Hardik
Last Name  : kumar
Access Time  : 2025/07/01 07:33:31
Check Type : Check-In
-----------------------------------
Next button not found or not clickable. Stopping pagination.
Total attendance records fetched: 110
🌐 CI Environment? null
📁 Current working directory: /home/peregrine-it/eclipse/AttendanceRecord
🌐 Environment variable CI = null
📁 Working Directory: /home/peregrine-it/eclipse/AttendanceRecord
📁 [LOCAL MODE] Export path set to: /home/peregrine-it/AttendanceExcels/
📝 Writing Excel file to: /home/peregrine-it/AttendanceExcels/AttendanceRecords_01_07_2025Tuesday.xlsx
✅ Excel exported: /home/peregrine-it/AttendanceExcels/AttendanceRecords_01_07_2025Tuesday.xlsx
/home/peregrine-it/AttendanceExcels/AttendanceRecords_01_07_2025Tuesday.xlsx
❌ Failed to send email: Cannot invoke "String.length()" because "s" is null
]]></system-out>
    <system-err><![CDATA[SLF4J: No SLF4J providers were found.
SLF4J: Defaulting to no-operation (NOP) logger implementation
SLF4J: See https://www.slf4j.org/codes.html#noProviders for further details.
java.lang.NullPointerException: Cannot invoke "String.length()" because "s" is null
	at jakarta.mail.internet.InternetAddress.parse(InternetAddress.java:769)
	at jakarta.mail.internet.InternetAddress.parse(InternetAddress.java:728)
	at jakarta.mail.internet.InternetAddress.<init>(InternetAddress.java:95)
	at attendanceUtils.EmailSender.sendEmailWithAttachment(EmailSender.java:28)
	at attendanceTests.AccessControlTests.testAccessGrantedRecordsRetrieval(AccessControlTests.java:28)
	at java.base/jdk.internal.reflect.NativeMethodAccessorImpl.invoke0(Native Method)
	at java.base/jdk.internal.reflect.NativeMethodAccessorImpl.invoke(NativeMethodAccessorImpl.java:77)
	at java.base/jdk.internal.reflect.DelegatingMethodAccessorImpl.invoke(DelegatingMethodAccessorImpl.java:43)
	at java.base/java.lang.reflect.Method.invoke(Method.java:569)
	at org.testng.internal.invokers.MethodInvocationHelper.invokeMethod(MethodInvocationHelper.java:141)
	at org.testng.internal.invokers.TestInvoker.invokeMethod(TestInvoker.java:687)
	at org.testng.internal.invokers.TestInvoker.invokeTestMethod(TestInvoker.java:230)
	at org.testng.internal.invokers.MethodRunner.runInSequence(MethodRunner.java:63)
	at org.testng.internal.invokers.TestInvoker$MethodInvocationAgent.invoke(TestInvoker.java:995)
	at org.testng.internal.invokers.TestInvoker.invokeTestMethods(TestInvoker.java:203)
	at org.testng.internal.invokers.TestMethodWorker.invokeTestMethods(TestMethodWorker.java:154)
	at org.testng.internal.invokers.TestMethodWorker.run(TestMethodWorker.java:134)
	at java.base/java.util.ArrayList.forEach(ArrayList.java:1511)
	at org.testng.TestRunner.privateRun(TestRunner.java:741)
	at org.testng.TestRunner.run(TestRunner.java:616)
	at org.testng.SuiteRunner.runTest(SuiteRunner.java:421)
	at org.testng.SuiteRunner.runSequentially(SuiteRunner.java:413)
	at org.testng.SuiteRunner.privateRun(SuiteRunner.java:373)
	at org.testng.SuiteRunner.run(SuiteRunner.java:312)
	at org.testng.SuiteRunnerWorker.runSuite(SuiteRunnerWorker.java:52)
	at org.testng.SuiteRunnerWorker.run(SuiteRunnerWorker.java:95)
	at org.testng.TestNG.runSuitesSequentially(TestNG.java:1274)
	at org.testng.TestNG.runSuitesLocally(TestNG.java:1208)
	at org.testng.TestNG.runSuites(TestNG.java:1112)
	at org.testng.TestNG.run(TestNG.java:1079)
	at org.apache.maven.surefire.testng.TestNGExecutor.run(TestNGExecutor.java:135)
	at org.apache.maven.surefire.testng.TestNGDirectoryTestSuite.executeMulti(TestNGDirectoryTestSuite.java:193)
	at org.apache.maven.surefire.testng.TestNGDirectoryTestSuite.execute(TestNGDirectoryTestSuite.java:94)
	at org.apache.maven.surefire.testng.TestNGProvider.invoke(TestNGProvider.java:146)
	at org.apache.maven.surefire.booter.ForkedBooter.invokeProviderInSameClassLoader(ForkedBooter.java:384)
	at org.apache.maven.surefire.booter.ForkedBooter.runSuitesInProcess(ForkedBooter.java:345)
	at org.apache.maven.surefire.booter.ForkedBooter.execute(ForkedBooter.java:126)
	at org.apache.maven.surefire.booter.ForkedBooter.main(ForkedBooter.java:418)
]]></system-err>
  </testcase>
  <testcase name="verifyAccessControlMenuVisibleAfterLogin" classname="attendanceTests.LoginTests" time="0.046"/>
</testsuite>