<?xml version="1.0" encoding="UTF-8"?>
<testng-results ignored="0" total="2" passed="2" failed="0" skipped="0">
  <reporter-output>
  </reporter-output>
  <suite started-at="2025-07-10T10:12:12 IST" name="Surefire suite" finished-at="2025-07-10T10:13:18 IST" duration-ms="66307">
    <groups>
    </groups>
    <test started-at="2025-07-10T10:12:12 IST" name="Surefire test" finished-at="2025-07-10T10:13:18 IST" duration-ms="66307">
      <class name="attendanceTests.AccessControlTests">
        <test-method signature="testAccessGrantedRecordsRetrieval()[pri:0, instance:attendanceTests.AccessControlTests@255b53dc]" started-at="2025-07-10T10:12:12 IST" name="testAccessGrantedRecordsRetrieval" description="Verify user can export attendance record and send it via email" finished-at="2025-07-10T10:13:18 IST" duration-ms="66258" status="PASS">
          <reporter-output>
          </reporter-output>
        </test-method> <!-- testAccessGrantedRecordsRetrieval -->
      </class> <!-- attendanceTests.AccessControlTests -->
      <class name="baseTestFile.BaseTests">
        <test-method is-config="true" signature="globalSetUp()[pri:0, instance:baseTestFile.BaseTests@429bd883]" started-at="2025-07-10T10:12:07 IST" name="globalSetUp" finished-at="2025-07-10T10:12:12 IST" duration-ms="4981" status="PASS">
          <reporter-output>
          </reporter-output>
        </test-method> <!-- globalSetUp -->
        <test-method is-config="true" signature="globalTearDown()[pri:0, instance:baseTestFile.BaseTests@429bd883]" started-at="2025-07-10T10:13:18 IST" name="globalTearDown" finished-at="2025-07-10T10:13:18 IST" duration-ms="82" status="PASS">
          <reporter-output>
          </reporter-output>
        </test-method> <!-- globalTearDown -->
      </class> <!-- baseTestFile.BaseTests -->
      <class name="attendanceTests.LoginTests">
        <test-method signature="verifyAccessControlMenuVisibleAfterLogin()[pri:0, instance:attendanceTests.LoginTests@6ee12bac]" started-at="2025-07-10T10:13:18 IST" name="verifyAccessControlMenuVisibleAfterLogin" description="Verify Access Control menu is visible after successful login" finished-at="2025-07-10T10:13:18 IST" duration-ms="25" status="PASS">
          <reporter-output>
          </reporter-output>
        </test-method> <!-- verifyAccessControlMenuVisibleAfterLogin -->
      </class> <!-- attendanceTests.LoginTests -->
    </test> <!-- Surefire test -->
  </suite> <!-- Surefire suite -->
</testng-results>
